<?xml version="1.0" encoding="UTF-8" ?>
<testsuite failures="0" time="0.019" errors="0" skipped="0" tests="6" name="fr.webmarket.backend.test.model.ItemSearchingTest">
  <properties>
[...]
</properties>
  <testcase time="0.012" classname="fr.webmarket.backend.test.model.ItemSearchingTest" name="testBrandCriteriaSearching"/>
  <testcase time="0.001" classname="fr.webmarket.backend.test.model.ItemSearchingTest" name="testSimpleSearching"/>
  <testcase time="0.001" classname="fr.webmarket.backend.test.model.ItemSearchingTest" name="testNameCriteriaSearching"/>
  <testcase time="0" classname="fr.webmarket.backend.test.model.ItemSearchingTest" name="testPriceAndTagsCriteriaSearching"/>
  <testcase time="0.001" classname="fr.webmarket.backend.test.model.ItemSearchingTest" name="testDescriptionCriteriaSearching"/>
  <testcase time="0.001" classname="fr.webmarket.backend.test.model.ItemSearchingTest" name="testUncompatibleCriteriaSearching"/>
</testsuite>